<?xml version="1.0" encoding="UTF-8"?>
<!-- Generated by org.testng.reporters.JUnitReportReporter -->
<testsuite hostname="LAPTOP-UV44QAU3" failures="0" tests="1" name="com.nopcommerce.user.User_03_My_Account" time="3.892" errors="0" timestamp="28 Oct 2021 04:24:10 GMT" skipped="0">
  <testcase classname="com.nopcommerce.user.User_03_My_Account" name="My_Account_01_Customer_Info" time="3.892"/>
</testsuite> <!-- com.nopcommerce.user.User_03_My_Account -->
