<?xml version="1.0" encoding="UTF-8"?>
<!-- Generated by org.testng.reporters.JUnitReportReporter -->
<testsuite hostname="LAPTOP-UV44QAU3" failures="0" tests="6" name="com.nopcommerce.user.User_01_Register" time="13.497" errors="0" timestamp="28 Oct 2021 04:24:10 GMT" skipped="0">
  <testcase classname="com.nopcommerce.user.User_01_Register" name="Register_05_Invalid_Password" time="1.523"/>
  <testcase classname="com.nopcommerce.user.User_01_Register" name="Register_06_Invalid_Confirm_Password" time="1.500"/>
  <testcase classname="com.nopcommerce.user.User_01_Register" name="Register_04_Registered_Email" time="3.430"/>
  <testcase classname="com.nopcommerce.user.User_01_Register" name="Register_02_Invalid_Email" time="2.317"/>
  <testcase classname="com.nopcommerce.user.User_01_Register" name="Register_03_Valid_Email" time="4.321"/>
  <testcase classname="com.nopcommerce.user.User_01_Register" name="Register_01_Empty_Data" time="0.406"/>
</testsuite> <!-- com.nopcommerce.user.User_01_Register -->
