<?xml version="1.0" encoding="UTF-8"?>
<!-- Generated by org.testng.reporters.JUnitReportReporter -->
<testsuite hostname="LAPTOP-UV44QAU3" failures="0" tests="6" name="com.nopcommerce.user.User_02_Login" time="9.363" errors="0" timestamp="28 Oct 2021 04:24:10 GMT" skipped="0">
  <testcase classname="com.nopcommerce.user.User_02_Login" name="Login_06_Registered_Email_And_Valid_Password" time="2.380"/>
  <testcase classname="com.nopcommerce.user.User_02_Login" name="Login_01_Empty_Data" time="0.136"/>
  <testcase classname="com.nopcommerce.user.User_02_Login" name="Login_03_Not_Registered_Email" time="2.606"/>
  <testcase classname="com.nopcommerce.user.User_02_Login" name="Login_04_Registered_Email_And_Empty_Password" time="1.735"/>
  <testcase classname="com.nopcommerce.user.User_02_Login" name="Login_02_Invalid_Email" time="0.700"/>
  <testcase classname="com.nopcommerce.user.User_02_Login" name="Login_05_Registered_Email_And_Error_Password" time="1.806"/>
</testsuite> <!-- com.nopcommerce.user.User_02_Login -->
